#
# There is insufficient memory for the Java Runtime Environment to continue.
# Native memory allocation (malloc) failed to allocate 1130256 bytes for Chunk::new
# Possible reasons:
#   The system is out of physical RAM or swap space
#   The process is running with CompressedOops enabled, and the Java Heap may be blocking the growth of the native heap
# Possible solutions:
#   Reduce memory load on the system
#   Increase physical memory or swap space
#   Check if swap backing store is full
#   Decrease Java heap size (-Xmx/-Xms)
#   Decrease number of Java threads
#   Decrease Java thread stack sizes (-Xss)
#   Set larger code cache with -XX:ReservedCodeCacheSize=
#   JVM is running with Unscaled Compressed Oops mode in which the Java heap is
#     placed in the first 4GB address space. The Java Heap base address is the
#     maximum limit for the native heap growth. Please use -XX:HeapBaseMinAddress
#     to set the Java Heap base and to place the Java Heap above 4GB virtual address.
# This output file may be truncated or incomplete.
#
#  Out of Memory Error (allocation.cpp:389), pid=15208, tid=0x0000000000004ee0
#
# JRE version: OpenJDK Runtime Environment (8.0) (build 1.8.0-25-microsoft-b00)
# Java VM: OpenJDK 64-Bit Server VM (25.71-b00 mixed mode windows-amd64 compressed oops)
# Failed to write core dump. Minidumps are not enabled by default on client versions of Windows
#

---------------  T H R E A D  ---------------

Current thread (0x0000000017152800):  JavaThread "C2 CompilerThread2" daemon [_thread_in_native, id=20192, stack(0x0000000017c00000,0x0000000017d00000)]

Stack: [0x0000000017c00000,0x0000000017d00000]
[error occurred during error reporting (printing stack bounds), id 0xc0000005]

Native frames: (J=compiled Java code, j=interpreted, Vv=VM code, C=native code)


Current CompileTask:
C2:   3128 3279       4       com.android.tools.r8.B.a.a.f::a (3659 bytes)


---------------  P R O C E S S  ---------------

Java Threads: ( => current thread )
  0x0000000018222000 JavaThread "ForkJoinPool-1-worker-0" daemon [_thread_in_Java, id=13420, stack(0x0000000019ad0000,0x0000000019bd0000)]
  0x0000000018221000 JavaThread "ForkJoinPool-1-worker-3" daemon [_thread_in_Java, id=3088, stack(0x00000000199d0000,0x0000000019ad0000)]
  0x000000001820c000 JavaThread "ForkJoinPool-1-worker-2" daemon [_thread_in_Java, id=18140, stack(0x00000000198d0000,0x00000000199d0000)]
  0x000000001820b800 JavaThread "ForkJoinPool-1-worker-1" daemon [_thread_in_Java, id=6356, stack(0x00000000197d0000,0x00000000198d0000)]
  0x00000000171e2800 JavaThread "Service Thread" daemon [_thread_blocked, id=2684, stack(0x0000000017e00000,0x0000000017f00000)]
  0x0000000017155800 JavaThread "C1 CompilerThread3" daemon [_thread_in_native, id=4416, stack(0x0000000017d00000,0x0000000017e00000)]
=>0x0000000017152800 JavaThread "C2 CompilerThread2" daemon [_thread_in_native, id=20192, stack(0x0000000017c00000,0x0000000017d00000)]
  0x000000001534d800 JavaThread "C2 CompilerThread1" daemon [_thread_in_native, id=12424, stack(0x0000000017b00000,0x0000000017c00000)]
  0x000000001534a000 JavaThread "C2 CompilerThread0" daemon [_thread_in_native, id=18536, stack(0x0000000017a00000,0x0000000017b00000)]
  0x0000000017144800 JavaThread "Attach Listener" daemon [_thread_blocked, id=12048, stack(0x0000000017900000,0x0000000017a00000)]
  0x0000000017143800 JavaThread "Signal Dispatcher" daemon [_thread_blocked, id=9048, stack(0x0000000017800000,0x0000000017900000)]
  0x0000000017131000 JavaThread "Finalizer" daemon [_thread_blocked, id=1500, stack(0x0000000017610000,0x0000000017710000)]
  0x000000001533c800 JavaThread "Reference Handler" daemon [_thread_blocked, id=17032, stack(0x0000000017510000,0x0000000017610000)]
  0x0000000002723000 JavaThread "main" [_thread_blocked, id=6656, stack(0x0000000002520000,0x0000000002620000)]

Other Threads:
  0x0000000015337800 VMThread [stack: 0x0000000017010000,0x0000000017110000] [id=14644]
  0x00000000171e4000 WatcherThread [stack: 0x0000000017f00000,0x0000000018000000] [id=2492]

VM state:not at safepoint (normal execution)

VM Mutex/Monitor currently owned by a thread: None

heap address: 0x00000000c0000000, size: 1024 MB, Compressed Oops mode: 32-bit
Narrow klass base: 0x0000000000000000, Narrow klass shift: 3
Compressed class space size: 1073741824 Address: 0x0000000100000000

Heap:
 PSYoungGen      total 141824K, used 58950K [0x00000000eab00000, 0x00000000f4000000, 0x0000000100000000)
  eden space 131072K, 36% used [0x00000000eab00000,0x00000000eda174c0,0x00000000f2b00000)
  from space 10752K, 99% used [0x00000000f3580000,0x00000000f3ffa640,0x00000000f4000000)
  to   space 10752K, 0% used [0x00000000f2b00000,0x00000000f2b00000,0x00000000f3580000)
 ParOldGen       total 175104K, used 48654K [0x00000000c0000000, 0x00000000cab00000, 0x00000000eab00000)
  object space 175104K, 27% used [0x00000000c0000000,0x00000000c2f83a10,0x00000000cab00000)
 Metaspace       used 15108K, capacity 16036K, committed 16256K, reserved 1062912K
  class space    used 1909K, capacity 2156K, committed 2176K, reserved 1048576K

Card table byte_map: [0x0000000011be0000,0x0000000011df0000] byte_map_base: 0x00000000115e0000

Marking Bits: (ParMarkBitMap*) 0x000000006e468f30
 Begin Bits: [0x0000000012750000, 0x0000000013750000)
 End Bits:   [0x0000000013750000, 0x0000000014750000)

Polling page: 0x0000000000ef0000

CodeCache: size=245760Kb used=11548Kb max_used=11548Kb free=234211Kb
 bounds [0x0000000002820000, 0x0000000003380000, 0x0000000011820000]
 total_blobs=3617 nmethods=3261 adapters=268
 compilation: enabled

Compilation events (10 events):
Event: 3.073 Thread 0x000000001534d800 nmethod 3275 0x000000000334a610 code [0x000000000334a980, 0x000000000334cdd0]
Event: 3.073 Thread 0x000000001534d800 3382 %     4       com.android.tools.r8.B.a.a.f::a @ 2576 (6094 bytes)
Event: 3.096 Thread 0x0000000017155800 nmethod 3371% 0x000000000334fb50 code [0x0000000003351600, 0x00000000033648c8]
Event: 3.096 Thread 0x0000000017155800 3387       2       com.android.tools.r8.v.a.a.a.f.c0::get (106 bytes)
Event: 3.097 Thread 0x0000000017155800 nmethod 3387 0x0000000003349ed0 code [0x000000000334a060, 0x000000000334a350]
Event: 3.097 Thread 0x0000000017155800 3386       2       com.android.tools.r8.ir.regalloc.a::c (196 bytes)
Event: 3.099 Thread 0x0000000017155800 nmethod 3386 0x0000000003349290 code [0x00000000033494a0, 0x0000000003349a98]
Event: 3.099 Thread 0x0000000017155800 3381       2       com.android.tools.r8.u.b.i1::b (23 bytes)
Event: 3.099 Thread 0x0000000017155800 nmethod 3381 0x000000000332a250 code [0x000000000332a3a0, 0x000000000332a530]
Event: 3.099 Thread 0x0000000017155800 3376 %     3       com.android.tools.r8.ir.regalloc.LinearScanRegisterAllocator::a @ 2151 (3993 bytes)

GC Heap History (8 events):
Event: 0.832 GC heap before
{Heap before GC invocations=1 (full 0):
 PSYoungGen      total 76288K, used 65536K [0x00000000eab00000, 0x00000000f0000000, 0x0000000100000000)
  eden space 65536K, 100% used [0x00000000eab00000,0x00000000eeb00000,0x00000000eeb00000)
  from space 10752K, 0% used [0x00000000ef580000,0x00000000ef580000,0x00000000f0000000)
  to   space 10752K, 0% used [0x00000000eeb00000,0x00000000eeb00000,0x00000000ef580000)
 ParOldGen       total 175104K, used 0K [0x00000000c0000000, 0x00000000cab00000, 0x00000000eab00000)
  object space 175104K, 0% used [0x00000000c0000000,0x00000000c0000000,0x00000000cab00000)
 Metaspace       used 8067K, capacity 8308K, committed 8448K, reserved 1056768K
  class space    used 919K, capacity 996K, committed 1024K, reserved 1048576K
Event: 0.842 GC heap after
Heap after GC invocations=1 (full 0):
 PSYoungGen      total 76288K, used 10751K [0x00000000eab00000, 0x00000000f4000000, 0x0000000100000000)
  eden space 65536K, 0% used [0x00000000eab00000,0x00000000eab00000,0x00000000eeb00000)
  from space 10752K, 99% used [0x00000000eeb00000,0x00000000ef57ff78,0x00000000ef580000)
  to   space 10752K, 0% used [0x00000000f3580000,0x00000000f3580000,0x00000000f4000000)
 ParOldGen       total 175104K, used 6400K [0x00000000c0000000, 0x00000000cab00000, 0x00000000eab00000)
  object space 175104K, 3% used [0x00000000c0000000,0x00000000c0640068,0x00000000cab00000)
 Metaspace       used 8067K, capacity 8308K, committed 8448K, reserved 1056768K
  class space    used 919K, capacity 996K, committed 1024K, reserved 1048576K
}
Event: 1.151 GC heap before
{Heap before GC invocations=2 (full 0):
 PSYoungGen      total 76288K, used 76287K [0x00000000eab00000, 0x00000000f4000000, 0x0000000100000000)
  eden space 65536K, 100% used [0x00000000eab00000,0x00000000eeb00000,0x00000000eeb00000)
  from space 10752K, 99% used [0x00000000eeb00000,0x00000000ef57ff78,0x00000000ef580000)
  to   space 10752K, 0% used [0x00000000f3580000,0x00000000f3580000,0x00000000f4000000)
 ParOldGen       total 175104K, used 6400K [0x00000000c0000000, 0x00000000cab00000, 0x00000000eab00000)
  object space 175104K, 3% used [0x00000000c0000000,0x00000000c0640068,0x00000000cab00000)
 Metaspace       used 9183K, capacity 9588K, committed 9600K, reserved 1058816K
  class space    used 1041K, capacity 1148K, committed 1152K, reserved 1048576K
Event: 1.170 GC heap after
Heap after GC invocations=2 (full 0):
 PSYoungGen      total 141824K, used 10734K [0x00000000eab00000, 0x00000000f4000000, 0x0000000100000000)
  eden space 131072K, 0% used [0x00000000eab00000,0x00000000eab00000,0x00000000f2b00000)
  from space 10752K, 99% used [0x00000000f3580000,0x00000000f3ffb930,0x00000000f4000000)
  to   space 10752K, 0% used [0x00000000f2b00000,0x00000000f2b00000,0x00000000f3580000)
 ParOldGen       total 175104K, used 22017K [0x00000000c0000000, 0x00000000cab00000, 0x00000000eab00000)
  object space 175104K, 12% used [0x00000000c0000000,0x00000000c15804a8,0x00000000cab00000)
 Metaspace       used 9183K, capacity 9588K, committed 9600K, reserved 1058816K
  class space    used 1041K, capacity 1148K, committed 1152K, reserved 1048576K
}
Event: 1.727 GC heap before
{Heap before GC invocations=3 (full 0):
 PSYoungGen      total 141824K, used 141806K [0x00000000eab00000, 0x00000000f4000000, 0x0000000100000000)
  eden space 131072K, 100% used [0x00000000eab00000,0x00000000f2b00000,0x00000000f2b00000)
  from space 10752K, 99% used [0x00000000f3580000,0x00000000f3ffb930,0x00000000f4000000)
  to   space 10752K, 0% used [0x00000000f2b00000,0x00000000f2b00000,0x00000000f3580000)
 ParOldGen       total 175104K, used 22017K [0x00000000c0000000, 0x00000000cab00000, 0x00000000eab00000)
  object space 175104K, 12% used [0x00000000c0000000,0x00000000c15804a8,0x00000000cab00000)
 Metaspace       used 9677K, capacity 10120K, committed 10240K, reserved 1058816K
  class space    used 1099K, capacity 1216K, committed 1280K, reserved 1048576K
Event: 1.778 GC heap after
Heap after GC invocations=3 (full 0):
 PSYoungGen      total 141824K, used 10725K [0x00000000eab00000, 0x00000000f4000000, 0x0000000100000000)
  eden space 131072K, 0% used [0x00000000eab00000,0x00000000eab00000,0x00000000f2b00000)
  from space 10752K, 99% used [0x00000000f2b00000,0x00000000f3579410,0x00000000f3580000)
  to   space 10752K, 0% used [0x00000000f3580000,0x00000000f3580000,0x00000000f4000000)
 ParOldGen       total 175104K, used 40777K [0x00000000c0000000, 0x00000000cab00000, 0x00000000eab00000)
  object space 175104K, 23% used [0x00000000c0000000,0x00000000c27d25c0,0x00000000cab00000)
 Metaspace       used 9677K, capacity 10120K, committed 10240K, reserved 1058816K
  class space    used 1099K, capacity 1216K, committed 1280K, reserved 1048576K
}
Event: 2.931 GC heap before
{Heap before GC invocations=4 (full 0):
 PSYoungGen      total 141824K, used 141797K [0x00000000eab00000, 0x00000000f4000000, 0x0000000100000000)
  eden space 131072K, 100% used [0x00000000eab00000,0x00000000f2b00000,0x00000000f2b00000)
  from space 10752K, 99% used [0x00000000f2b00000,0x00000000f3579410,0x00000000f3580000)
  to   space 10752K, 0% used [0x00000000f3580000,0x00000000f3580000,0x00000000f4000000)
 ParOldGen       total 175104K, used 40777K [0x00000000c0000000, 0x00000000cab00000, 0x00000000eab00000)
  object space 175104K, 23% used [0x00000000c0000000,0x00000000c27d25c0,0x00000000cab00000)
 Metaspace       used 15048K, capacity 16022K, committed 16256K, reserved 1062912K
  class space    used 1898K, capacity 2153K, committed 2176K, reserved 1048576K
Event: 2.952 GC heap after
Heap after GC invocations=4 (full 0):
 PSYoungGen      total 141824K, used 10729K [0x00000000eab00000, 0x00000000f4000000, 0x0000000100000000)
  eden space 131072K, 0% used [0x00000000eab00000,0x00000000eab00000,0x00000000f2b00000)
  from space 10752K, 99% used [0x00000000f3580000,0x00000000f3ffa640,0x00000000f4000000)
  to   space 10752K, 0% used [0x00000000f2b00000,0x00000000f2b00000,0x00000000f3580000)
 ParOldGen       total 175104K, used 48654K [0x00000000c0000000, 0x00000000cab00000, 0x00000000eab00000)
  object space 175104K, 27% used [0x00000000c0000000,0x00000000c2f83a10,0x00000000cab00000)
 Metaspace       used 15048K, capacity 16022K, committed 16256K, reserved 1062912K
  class space    used 1898K, capacity 2153K, committed 2176K, reserved 1048576K
}

Deoptimization events (10 events):
Event: 2.927 Thread 0x0000000018222000 Uncommon trap: reason=bimorphic action=maybe_recompile pc=0x00000000030137a0 method=com.android.tools.r8.u.b.i1.a(Lcom/android/tools/r8/ir/analysis/type/k;)Lcom/android/tools/r8/u/b/i1; @ 23
Event: 2.927 Thread 0x0000000018222000 Uncommon trap: reason=bimorphic action=maybe_recompile pc=0x00000000030137a0 method=com.android.tools.r8.u.b.i1.a(Lcom/android/tools/r8/ir/analysis/type/k;)Lcom/android/tools/r8/u/b/i1; @ 23
Event: 2.927 Thread 0x0000000018222000 Uncommon trap: reason=bimorphic action=maybe_recompile pc=0x0000000003085f6c method=com.android.tools.r8.u.b.i1.a(Lcom/android/tools/r8/ir/analysis/type/k;)Lcom/android/tools/r8/u/b/i1; @ 23
Event: 2.927 Thread 0x0000000018222000 Uncommon trap: reason=bimorphic action=maybe_recompile pc=0x00000000030137a0 method=com.android.tools.r8.u.b.i1.a(Lcom/android/tools/r8/ir/analysis/type/k;)Lcom/android/tools/r8/u/b/i1; @ 23
Event: 2.927 Thread 0x0000000018222000 Uncommon trap: reason=unstable_if action=reinterpret pc=0x0000000002fff3ac method=com.android.tools.r8.u.b.i1.b()Z @ 11
Event: 2.968 Thread 0x000000001820b800 Uncommon trap: reason=unstable_if action=reinterpret pc=0x0000000002fee450 method=java.util.HashMap.putVal(ILjava/lang/Object;Ljava/lang/Object;ZZ)Ljava/lang/Object; @ 162
Event: 2.969 Thread 0x000000001820b800 Uncommon trap: reason=unstable_if action=reinterpret pc=0x0000000002ffcba8 method=java.util.HashMap.getNode(ILjava/lang/Object;)Ljava/util/HashMap$Node; @ 84
Event: 3.030 Thread 0x0000000018221000 Uncommon trap: reason=unstable_if action=reinterpret pc=0x0000000002d2b128 method=com.android.tools.r8.graph.b0.computeEquals(Ljava/lang/Object;)Z @ 23
Event: 3.068 Thread 0x000000001820c000 Uncommon trap: reason=unstable_if action=reinterpret pc=0x000000000329c9fc method=com.android.tools.r8.ir.regalloc.a.c(I)Lcom/android/tools/r8/ir/regalloc/a; @ 141
Event: 3.079 Thread 0x0000000018221000 Uncommon trap: reason=unstable_if action=reinterpret pc=0x00000000030a5b7c method=com.android.tools.r8.v.a.a.a.f.c0.get(I)Ljava/lang/Object; @ 85

Classes redefined (0 events):
No events

Internal exceptions (10 events):
Event: 2.089 Thread 0x0000000018221000 Exception <a 'java/lang/NoSuchMethodError': java.lang.Object.lambda$comparingInt$7b0bb60$1(Ljava/util/function/ToIntFunction;Ljava/lang/Object;Ljava/lang/Object;)I> (0x00000000ec685358) thrown at [D:\j\worksp~1\openjd~3\jdk8u\hotspot\src\share\vm\interpre
Event: 2.091 Thread 0x0000000018221000 Exception <a 'java/lang/NoSuchMethodError': java.lang.Object.lambda$maxBy$1(Ljava/util/Comparator;Ljava/lang/Object;Ljava/lang/Object;)Ljava/lang/Object;> (0x00000000ec689710) thrown at [D:\j\worksp~1\openjd~3\jdk8u\hotspot\src\share\vm\interpreter\linkRe
Event: 2.091 Thread 0x000000001820b800 Exception <a 'java/lang/NoSuchMethodError': java.lang.Object.lambda$maxBy$1(Ljava/util/Comparator;Ljava/lang/Object;Ljava/lang/Object;)Ljava/lang/Object;> (0x00000000ec622dd0) thrown at [D:\j\worksp~1\openjd~3\jdk8u\hotspot\src\share\vm\interpreter\linkRe
Event: 2.091 Thread 0x000000001820c000 Exception <a 'java/lang/NoSuchMethodError': java.lang.Object.lambda$maxBy$1(Ljava/util/Comparator;Ljava/lang/Object;Ljava/lang/Object;)Ljava/lang/Object;> (0x00000000ec730f40) thrown at [D:\j\worksp~1\openjd~3\jdk8u\hotspot\src\share\vm\interpreter\linkRe
Event: 2.091 Thread 0x0000000018222000 Exception <a 'java/lang/NoSuchMethodError': java.lang.Object.lambda$maxBy$1(Ljava/util/Comparator;Ljava/lang/Object;Ljava/lang/Object;)Ljava/lang/Object;> (0x00000000ec588130) thrown at [D:\j\worksp~1\openjd~3\jdk8u\hotspot\src\share\vm\interpreter\linkRe
Event: 2.118 Thread 0x000000001820c000 Implicit null exception at 0x0000000002a8663a to 0x0000000002a86815
Event: 2.118 Thread 0x0000000018222000 Implicit null exception at 0x0000000002a8663a to 0x0000000002a86815
Event: 2.118 Thread 0x000000001820b800 Implicit null exception at 0x0000000002a8663a to 0x0000000002a86815
Event: 2.118 Thread 0x0000000018221000 Implicit null exception at 0x0000000002a8663a to 0x0000000002a86815
Event: 2.145 Thread 0x000000001820b800 Implicit null exception at 0x0000000002c79c6f to 0x0000000002c79eb5

Events (10 events):
Event: 3.078 loading class com/android/tools/r8/code/R2 done
Event: 3.078 loading class com/android/tools/r8/code/Q2
Event: 3.078 loading class com/android/tools/r8/code/Q2 done
Event: 3.079 Thread 0x0000000018221000 Uncommon trap: trap_request=0xffffff65 fr.pc=0x00000000030a5b7c
Event: 3.079 Thread 0x0000000018221000 DEOPT PACKING pc=0x00000000030a5b7c sp=0x0000000019acdcd0
Event: 3.079 Thread 0x0000000018221000 DEOPT UNPACKING pc=0x000000000286557b sp=0x0000000019acdc60 mode 2
Event: 3.098 Executing VM operation: ForceSafepoint
Event: 3.099 Executing VM operation: ForceSafepoint done
Event: 3.116 loading class com/android/tools/r8/v/a/a/a/f/P0
Event: 3.116 loading class com/android/tools/r8/v/a/a/a/f/P0 done


Dynamic libraries:
0x00007ff7807a0000 - 0x00007ff7807d5000 	D:\Android\Jdk\microsoft_dist_openjdk_1.8.0.25\bin\java.exe
0x00007fff06b60000 - 0x00007fff06d50000 	C:\WINDOWS\SYSTEM32\ntdll.dll
0x00007fff05e30000 - 0x00007fff05ee2000 	C:\WINDOWS\System32\KERNEL32.DLL
0x00007fff03c10000 - 0x00007fff03eb4000 	C:\WINDOWS\System32\KERNELBASE.dll
0x00007fff06010000 - 0x00007fff060b3000 	C:\WINDOWS\System32\ADVAPI32.dll
0x00007fff05c20000 - 0x00007fff05cbe000 	C:\WINDOWS\System32\msvcrt.dll
0x00007fff04f50000 - 0x00007fff04fe7000 	C:\WINDOWS\System32\sechost.dll
0x00007fff05ae0000 - 0x00007fff05c00000 	C:\WINDOWS\System32\RPCRT4.dll
0x00007fff050c0000 - 0x00007fff05254000 	C:\WINDOWS\System32\USER32.dll
0x00007fff04b40000 - 0x00007fff04b61000 	C:\WINDOWS\System32\win32u.dll
0x00007fff05e00000 - 0x00007fff05e26000 	C:\WINDOWS\System32\GDI32.dll
0x00007fff03f70000 - 0x00007fff04104000 	C:\WINDOWS\System32\gdi32full.dll
0x00007fff04b70000 - 0x00007fff04c0e000 	C:\WINDOWS\System32\msvcp_win.dll
0x00007fff03b10000 - 0x00007fff03c0a000 	C:\WINDOWS\System32\ucrtbase.dll
0x00007ffeed480000 - 0x00007ffeed704000 	C:\WINDOWS\WinSxS\amd64_microsoft.windows.common-controls_6595b64144ccf1df_6.0.18362.836_none_e6c4b943130f18ed\COMCTL32.dll
0x00007fff04c10000 - 0x00007fff04f46000 	C:\WINDOWS\System32\combase.dll
0x00007fff04a90000 - 0x00007fff04b10000 	C:\WINDOWS\System32\bcryptPrimitives.dll
0x00007fff06860000 - 0x00007fff0688e000 	C:\WINDOWS\System32\IMM32.DLL
0x000000006e4f0000 - 0x000000006e5c1000 	D:\Android\Jdk\microsoft_dist_openjdk_1.8.0.25\jre\bin\msvcr100.dll
0x000000006dca0000 - 0x000000006e4e5000 	D:\Android\Jdk\microsoft_dist_openjdk_1.8.0.25\jre\bin\server\jvm.dll
0x00007fff05c10000 - 0x00007fff05c18000 	C:\WINDOWS\System32\PSAPI.DLL
0x00007fff00670000 - 0x00007fff00694000 	C:\WINDOWS\SYSTEM32\WINMM.dll
0x00007ffef1b70000 - 0x00007ffef1b79000 	C:\WINDOWS\SYSTEM32\WSOCK32.dll
0x00007ffefe680000 - 0x00007ffefe68a000 	C:\WINDOWS\SYSTEM32\VERSION.dll
0x00007fff05fa0000 - 0x00007fff0600f000 	C:\WINDOWS\System32\WS2_32.dll
0x00007fff00640000 - 0x00007fff0066d000 	C:\WINDOWS\SYSTEM32\winmmbase.dll
0x00007fff04170000 - 0x00007fff041ba000 	C:\WINDOWS\System32\cfgmgr32.dll
0x00007fff00560000 - 0x00007fff0056f000 	D:\Android\Jdk\microsoft_dist_openjdk_1.8.0.25\jre\bin\verify.dll
0x00007ffeb29a0000 - 0x00007ffeb29c9000 	D:\Android\Jdk\microsoft_dist_openjdk_1.8.0.25\jre\bin\java.dll
0x00007ffeb45b0000 - 0x00007ffeb45c6000 	D:\Android\Jdk\microsoft_dist_openjdk_1.8.0.25\jre\bin\zip.dll
0x00007fff052e0000 - 0x00007fff059c4000 	C:\WINDOWS\System32\SHELL32.dll
0x00007fff059d0000 - 0x00007fff05a79000 	C:\WINDOWS\System32\shcore.dll
0x00007fff04310000 - 0x00007fff04a8e000 	C:\WINDOWS\System32\windows.storage.dll
0x00007fff03ac0000 - 0x00007fff03ae3000 	C:\WINDOWS\System32\profapi.dll
0x00007fff03a70000 - 0x00007fff03aba000 	C:\WINDOWS\System32\powrprof.dll
0x00007fff03a20000 - 0x00007fff03a30000 	C:\WINDOWS\System32\UMPDC.dll
0x00007fff060e0000 - 0x00007fff06132000 	C:\WINDOWS\System32\shlwapi.dll
0x00007fff03a50000 - 0x00007fff03a61000 	C:\WINDOWS\System32\kernel.appcore.dll
0x00007fff03af0000 - 0x00007fff03b07000 	C:\WINDOWS\System32\cryptsp.dll
0x00007ffeb2ee0000 - 0x00007ffeb2efa000 	D:\Android\jdk\microsoft_dist_openjdk_1.8.0.25\jre\bin\net.dll
0x00007fff03240000 - 0x00007fff032a7000 	C:\WINDOWS\system32\mswsock.dll
0x00007ffead580000 - 0x00007ffead591000 	D:\Android\jdk\microsoft_dist_openjdk_1.8.0.25\jre\bin\nio.dll

VM Arguments:
jvm_args: -Xmx1G 
java_command: com.android.tools.r8.D8 --debug --min-api 21 --output obj\Debug\90\android\bin\ --lib D:\Android\android-sdk\platforms\android-28\android.jar obj\Debug\90\android\bin\classes.zip D:\Microsoft Visual Studio\2019\Enterprise\Common7\IDE\ReferenceAssemblies\Microsoft\Framework\MonoAndroid\v9.0\mono.android.jar D:\Microsoft Visual Studio\2019\Enterprise\MSBuild\Xamarin\Android\java_runtime_fastdev.jar obj\Debug\90\lp\0\jl\formsviewgroup.jar obj\Debug\90\lp\10\jl\bin\classes.jar obj\Debug\90\lp\11\jl\bin\classes.jar obj\Debug\90\lp\12\jl\com.android.support.support-annotations.jar obj\Debug\90\lp\13\jl\bin\classes.jar obj\Debug\90\lp\14\jl\com.android.support.collections.jar obj\Debug\90\lp\15\jl\bin\classes.jar obj\Debug\90\lp\16\jl\bin\classes.jar obj\Debug\90\lp\17\jl\bin\classes.jar obj\Debug\90\lp\18\jl\bin\classes.jar obj\Debug\90\lp\19\jl\bin\classes.jar obj\Debug\90\lp\20\jl\bin\classes.jar obj\Debug\90\lp\21\jl\bin\classes.jar obj\Debug\90\lp\22\jl\bin\classes.jar obj\Debug\90\lp\23\jl\bin\classes.jar obj\Debug\90\lp\24\jl\bin\classes.jar obj\Debug\90\lp\25\jl\bin\classes.jar obj\Debug\90\lp\26\jl\bin\classes.jar obj\Debug\90\lp\27\jl\bin\classes.jar obj\Debug\90\lp\28\jl\bin\classes.jar obj\Debug\90\lp\29\jl\bin\classes.jar obj\Debug\90\lp\30\jl\bin\classes.jar obj\Debug\90\lp\31\jl\bin\classes.jar obj\Debug\90\lp\32\jl\bin\classes.jar obj\Debug\90\lp\33\jl\bin\classes.jar obj\Debug\90\lp\35\jl\bin\classes.jar obj\Debug\90\lp\36\jl\bin\classes.jar obj\Debug\90\lp\37\jl\bin\classes.jar obj\Debug\90\lp\38\jl\bin\classes.jar obj\Debug\90\lp\39\jl\bin\classes.jar obj\Debug\90\lp\4\jl\android.arch.core.common.jar obj\Debug\90\lp\40\jl\bin\classes.jar obj\Debug\90\lp\5\jl\bin\classes.jar obj\Debug\90\lp\6\jl\android.arch.lifecycle.common.jar obj\Debug\90\lp\7\jl\bin\classes.jar obj\Debug\90\lp\8\jl\bin\classes.jar obj\Debug\90\lp\9\jl\bin\classes.jar
java_class_path (initial): D:\Microsoft Visual Studio\2019\Enterprise\MSBuild\Xamarin\Android\r8.jar
Launcher Type: SUN_STANDARD

Environment Variables:
JAVA_HOME=D:\Android\Jdk\microsoft_dist_openjdk_1.8.0.25
CLASSPATH=D:\Java\jdk-15.0.1\lib;
PATH=D:\Android\Jdk\microsoft_dist_openjdk_1.8.0.25\bin;C:\Program Files (x86)\Common Files\Oracle\Java\javapath;C:\Windows\system32;C:\Windows;C:\Windows\System32\Wbem;C:\Windows\System32\WindowsPowerShell\v1.0\;C:\Windows\System32\OpenSSH\;D:\Java\jdk-15.0.1\bin;C:\Program Files\NVIDIA Corporation\NVIDIA NvDLISR;C:\WINDOWS\system32;C:\WINDOWS;C:\WINDOWS\System32\Wbem;C:\WINDOWS\System32\WindowsPowerShell\v1.0\;C:\WINDOWS\System32\OpenSSH\;C:\Program Files (x86)\NVIDIA Corporation\DDS Utilities;C:\Program Files (x86)\NVIDIA Corporation\PhysX\Common;C:\Program Files\Microsoft SQL Server\130\Tools\Binn\;C:\Program Files\Microsoft SQL Server\Client SDK\ODBC\170\Tools\Binn\;D:\Windows Kits\10\Windows Performance Toolkit\;D:\_coding\.nuget;C:\Program Files\dotnet\;D:\Git\cmd;C:\Program Files\MySQL\MySQL Shell 8.0\bin\;D:\Python\Python38\Scripts\;D:\Python\Python38\;C:\Users\simge\AppData\Local\Microsoft\WindowsApps;D:\JetBrains\IntelliJ IDEA Community Edition 2019.2.3\bin;;C:\Users\simge\AppData\Local\Microsoft\WindowsApps;C:\Users\simge\AppData\Local\GitHubDesktop\bin;D:\Microsoft VS Code\bin;C:\Users\simge\.dotnet\tools;D:\flutter\bin;D:\Git\bin;D:\Android\Android Studio\bin;D:\Android\Sdk;D:\Git;
USERNAME=simge
OS=Windows_NT
PROCESSOR_IDENTIFIER=Intel64 Family 6 Model 94 Stepping 3, GenuineIntel



---------------  S Y S T E M  ---------------

OS: Windows 10.0 , 64 bit Build 18362 (10.0.18362.778)

CPU:total 8 (initial active 8) (4 cores per cpu, 2 threads per core) family 6 model 94 stepping 3, cmov, cx8, fxsr, mmx, sse, sse2, sse3, ssse3, sse4.1, sse4.2, popcnt, avx, avx2, aes, clmul, erms, rtm, 3dnowpref, lzcnt, ht, tsc, tscinvbit, bmi1, bmi2, adx

Memory: 4k page, physical 16670224k(6323228k free), swap 19670544k(4096k free)

vm_info: OpenJDK 64-Bit Server VM (25.71-b00) for windows-amd64 JRE (1.8.0-25-microsoft-b00), built on Feb  7 2019 20:09:14 by "builder" with MS VC++ 10.0 (VS2010)

time: Fri Dec 18 14:48:29 2020
timezone: Türkiye Standart Saati
elapsed time: 3 seconds (0d 0h 0m 3s)

